#
# There is insufficient memory for the Java Runtime Environment to continue.
# Native memory allocation (malloc) failed to allocate 918576 bytes for Chunk::new
# Possible reasons:
#   The system is out of physical RAM or swap space
#   In 32 bit mode, the process size limit was hit
# Possible solutions:
#   Reduce memory load on the system
#   Increase physical memory or swap space
#   Check if swap backing store is full
#   Use 64 bit Java on a 64 bit OS
#   Decrease Java heap size (-Xmx/-Xms)
#   Decrease number of Java threads
#   Decrease Java thread stack sizes (-Xss)
#   Set larger code cache with -XX:ReservedCodeCacheSize=
# This output file may be truncated or incomplete.
#
#  Out of Memory Error (allocation.cpp:323), pid=8072, tid=7248
#
# JRE version: Java(TM) SE Runtime Environment (7.0_80-b15) (build 1.7.0_80-b15)
# Java VM: Java HotSpot(TM) 64-Bit Server VM (24.80-b11 mixed mode windows-amd64 compressed oops)
# Failed to write core dump. Minidumps are not enabled by default on client versions of Windows
#

---------------  T H R E A D  ---------------

Current thread (0x000000000b3a1000):  JavaThread "C2 CompilerThread1" daemon [_thread_in_native, id=7248, stack(0x000000000ca00000,0x000000000cb00000)]

Stack: [0x000000000ca00000,0x000000000cb00000]
[error occurred during error reporting (printing stack bounds), id 0xc0000005]


Current CompileTask:
C2:  34551  991   !         com.sun.org.apache.xerces.internal.impl.XMLDocumentFragmentScannerImpl$FragmentContentDriver::next (2345 bytes)


---------------  P R O C E S S  ---------------

Java Threads: ( => current thread )
  0x000000000dac9000 JavaThread "http-bio-9101-exec-10" daemon [_thread_in_Java, id=10364, stack(0x0000000015860000,0x0000000015960000)]
  0x000000000dacc000 JavaThread "http-bio-9101-exec-9" daemon [_thread_blocked, id=10976, stack(0x0000000015760000,0x0000000015860000)]
  0x000000000dac8800 JavaThread "http-bio-9101-exec-8" daemon [_thread_blocked, id=9388, stack(0x0000000015660000,0x0000000015760000)]
  0x000000000dacb800 JavaThread "http-bio-9101-exec-7" daemon [_thread_blocked, id=11000, stack(0x0000000015560000,0x0000000015660000)]
  0x000000000fd30800 JavaThread "http-bio-9101-exec-6" daemon [_thread_blocked, id=11608, stack(0x0000000015460000,0x0000000015560000)]
  0x000000000dfe2800 JavaThread "http-bio-9101-exec-5" daemon [_thread_blocked, id=9628, stack(0x0000000015360000,0x0000000015460000)]
  0x000000000e072000 JavaThread "http-bio-9101-exec-4" daemon [_thread_blocked, id=11640, stack(0x0000000015160000,0x0000000015260000)]
  0x000000000fbd4800 JavaThread "http-bio-9101-exec-3" daemon [_thread_blocked, id=1184, stack(0x0000000015060000,0x0000000015160000)]
  0x0000000012aec800 JavaThread "http-bio-9101-exec-2" daemon [_thread_blocked, id=7244, stack(0x0000000014f60000,0x0000000015060000)]
  0x000000000ec52800 JavaThread "http-bio-9101-exec-1" daemon [_thread_in_native, id=9372, stack(0x0000000014e60000,0x0000000014f60000)]
  0x000000001160a800 JavaThread "http-bio-9101-AsyncTimeout" daemon [_thread_blocked, id=13540, stack(0x0000000014d60000,0x0000000014e60000)]
  0x000000000fd5d000 JavaThread "http-bio-9101-Acceptor-0" daemon [_thread_in_native, id=17112, stack(0x0000000014c60000,0x0000000014d60000)]
  0x0000000010f83000 JavaThread "ContainerBackgroundProcessor[StandardEngine[Tomcat]]" daemon [_thread_blocked, id=12248, stack(0x0000000014b60000,0x0000000014c60000)]
  0x0000000011f87800 JavaThread "Thread-2" daemon [_thread_in_native, id=9064, stack(0x0000000014a60000,0x0000000014b60000)]
  0x000000000b3af800 JavaThread "Service Thread" daemon [_thread_blocked, id=13340, stack(0x000000000cb00000,0x000000000cc00000)]
=>0x000000000b3a1000 JavaThread "C2 CompilerThread1" daemon [_thread_in_native, id=7248, stack(0x000000000ca00000,0x000000000cb00000)]
  0x000000000b39f800 JavaThread "C2 CompilerThread0" daemon [_thread_in_native, id=12792, stack(0x000000000c900000,0x000000000ca00000)]
  0x000000000b39f000 JavaThread "Attach Listener" daemon [_thread_blocked, id=10856, stack(0x000000000c800000,0x000000000c900000)]
  0x000000000b391800 JavaThread "Signal Dispatcher" daemon [_thread_blocked, id=14136, stack(0x000000000c700000,0x000000000c800000)]
  0x000000000b350800 JavaThread "Finalizer" daemon [_thread_blocked, id=7588, stack(0x000000000c600000,0x000000000c700000)]
  0x000000000b347800 JavaThread "Reference Handler" daemon [_thread_blocked, id=5480, stack(0x000000000c500000,0x000000000c600000)]
  0x0000000002ff0800 JavaThread "main" [_thread_blocked, id=17364, stack(0x0000000002b30000,0x0000000002c30000)]

Other Threads:
  0x000000000b342800 VMThread [stack: 0x000000000c400000,0x000000000c500000] [id=4180]
  0x000000000b3c9800 WatcherThread [stack: 0x000000000cc00000,0x000000000cd00000] [id=8860]

VM state:not at safepoint (normal execution)

VM Mutex/Monitor currently owned by a thread: None

Heap
 PSYoungGen      total 429056K, used 189534K [0x00000007d6100000, 0x00000007f4900000, 0x0000000800000000)
  eden space 387584K, 38% used [0x00000007d6100000,0x00000007df19e268,0x00000007edb80000)
  from space 41472K, 99% used [0x00000007f0d80000,0x00000007f35f9978,0x00000007f3600000)
  to   space 51200K, 0% used [0x00000007edb80000,0x00000007edb80000,0x00000007f0d80000)
 ParOldGen       total 85504K, used 63034K [0x0000000782400000, 0x0000000787780000, 0x00000007d6100000)
  object space 85504K, 73% used [0x0000000782400000,0x000000078618eb80,0x0000000787780000)
 PSPermGen       total 32768K, used 32346K [0x000000077d200000, 0x000000077f200000, 0x0000000782400000)
  object space 32768K, 98% used [0x000000077d200000,0x000000077f197a00,0x000000077f200000)

Card table byte_map: [0x00000000061b0000,0x00000000065d0000] byte_map_base: 0x00000000025c7000

Polling page: 0x0000000000e10000

Code Cache  [0x00000000030f0000, 0x00000000033d0000, 0x00000000060f0000)
 total_blobs=1228 nmethods=850 adapters=330 free_code_cache=46376Kb largest_free_block=47340224

Compilation events (10 events):
Event: 34.399 Thread 0x000000000b39f800 nmethod 988% 0x00000000033bc390 code [0x00000000033bc560, 0x00000000033bd618]
Event: 34.399 Thread 0x000000000b39f800  989             java.lang.String::regionMatches (91 bytes)
Event: 34.404 Thread 0x000000000b39f800 nmethod 989 0x00000000033a8d10 code [0x00000000033a8e60, 0x00000000033a9138]
Event: 34.452 Thread 0x000000000b39f800  990             com.sun.org.apache.xerces.internal.impl.XMLEntityScanner::scanData (1043 bytes)
Event: 34.469 Thread 0x000000000b3a1000 nmethod 984 0x00000000033c2d50 code [0x00000000033c31a0, 0x00000000033c6a48]
Event: 34.477 Thread 0x000000000b3a1000  991   !         com.sun.org.apache.xerces.internal.impl.XMLDocumentFragmentScannerImpl$FragmentContentDriver::next (2345 bytes)
Event: 34.513 Thread 0x000000000b39f800 nmethod 990 0x0000000003356590 code [0x0000000003356740, 0x0000000003357798]
Event: 34.513 Thread 0x000000000b39f800  992 %           com.sun.org.apache.xerces.internal.impl.XMLEntityScanner::scanQName @ 152 (517 bytes)
Event: 34.532 Thread 0x000000000b39f800 nmethod 992% 0x0000000003374810 code [0x00000000033749c0, 0x00000000033751a0]
Event: 34.532 Thread 0x000000000b39f800  993 % !         sun.nio.cs.ext.DoubleByte$Encoder::encodeArrayLoop @ 55 (409 bytes)

GC Heap History (10 events):
Event: 6.512 GC heap before
{Heap before GC invocations=6 (full 0):
 PSYoungGen      total 70656K, used 70656K [0x00000007d6100000, 0x00000007df600000, 0x0000000800000000)
  eden space 65536K, 100% used [0x00000007d6100000,0x00000007da100000,0x00000007da100000)
  from space 5120K, 100% used [0x00000007da100000,0x00000007da600000,0x00000007da600000)
  to   space 10752K, 0% used [0x00000007deb80000,0x00000007deb80000,0x00000007df600000)
 ParOldGen       total 85504K, used 12050K [0x0000000782400000, 0x0000000787780000, 0x00000007d6100000)
  object space 85504K, 14% used [0x0000000782400000,0x0000000782fc4ae8,0x0000000787780000)
 PSPermGen       total 23040K, used 22908K [0x000000077d200000, 0x000000077e880000, 0x0000000782400000)
  object space 23040K, 99% used [0x000000077d200000,0x000000077e85f268,0x000000077e880000)
Event: 6.535 GC heap after
Heap after GC invocations=6 (full 0):
 PSYoungGen      total 138240K, used 10750K [0x00000007d6100000, 0x00000007dfd00000, 0x0000000800000000)
  eden space 127488K, 0% used [0x00000007d6100000,0x00000007d6100000,0x00000007ddd80000)
  from space 10752K, 99% used [0x00000007deb80000,0x00000007df5ffa38,0x00000007df600000)
  to   space 14336K, 0% used [0x00000007ddd80000,0x00000007ddd80000,0x00000007deb80000)
 ParOldGen       total 85504K, used 15973K [0x0000000782400000, 0x0000000787780000, 0x00000007d6100000)
  object space 85504K, 18% used [0x0000000782400000,0x0000000783399418,0x0000000787780000)
 PSPermGen       total 23040K, used 22908K [0x000000077d200000, 0x000000077e880000, 0x0000000782400000)
  object space 23040K, 99% used [0x000000077d200000,0x000000077e85f268,0x000000077e880000)
}
Event: 7.451 GC heap before
{Heap before GC invocations=7 (full 0):
 PSYoungGen      total 138240K, used 138238K [0x00000007d6100000, 0x00000007dfd00000, 0x0000000800000000)
  eden space 127488K, 100% used [0x00000007d6100000,0x00000007ddd80000,0x00000007ddd80000)
  from space 10752K, 99% used [0x00000007deb80000,0x00000007df5ffa38,0x00000007df600000)
  to   space 14336K, 0% used [0x00000007ddd80000,0x00000007ddd80000,0x00000007deb80000)
 ParOldGen       total 85504K, used 15973K [0x0000000782400000, 0x0000000787780000, 0x00000007d6100000)
  object space 85504K, 18% used [0x0000000782400000,0x0000000783399418,0x0000000787780000)
 PSPermGen       total 23040K, used 22958K [0x000000077d200000, 0x000000077e880000, 0x0000000782400000)
  object space 23040K, 99% used [0x000000077d200000,0x000000077e86bbb8,0x000000077e880000)
Event: 7.480 GC heap after
Heap after GC invocations=7 (full 0):
 PSYoungGen      total 141824K, used 14335K [0x00000007d6100000, 0x00000007e8700000, 0x0000000800000000)
  eden space 127488K, 0% used [0x00000007d6100000,0x00000007d6100000,0x00000007ddd80000)
  from space 14336K, 99% used [0x00000007ddd80000,0x00000007deb7fea8,0x00000007deb80000)
  to   space 23040K, 0% used [0x00000007e7080000,0x00000007e7080000,0x00000007e8700000)
 ParOldGen       total 85504K, used 30050K [0x0000000782400000, 0x0000000787780000, 0x00000007d6100000)
  object space 85504K, 35% used [0x0000000782400000,0x0000000784158a10,0x0000000787780000)
 PSPermGen       total 23040K, used 22958K [0x000000077d200000, 0x000000077e880000, 0x0000000782400000)
  object space 23040K, 99% used [0x000000077d200000,0x000000077e86bbb8,0x000000077e880000)
}
Event: 8.088 GC heap before
{Heap before GC invocations=8 (full 0):
 PSYoungGen      total 141824K, used 141823K [0x00000007d6100000, 0x00000007e8700000, 0x0000000800000000)
  eden space 127488K, 100% used [0x00000007d6100000,0x00000007ddd80000,0x00000007ddd80000)
  from space 14336K, 99% used [0x00000007ddd80000,0x00000007deb7fea8,0x00000007deb80000)
  to   space 23040K, 0% used [0x00000007e7080000,0x00000007e7080000,0x00000007e8700000)
 ParOldGen       total 85504K, used 30050K [0x0000000782400000, 0x0000000787780000, 0x00000007d6100000)
  object space 85504K, 35% used [0x0000000782400000,0x0000000784158a10,0x0000000787780000)
 PSPermGen       total 23040K, used 22975K [0x000000077d200000, 0x000000077e880000, 0x0000000782400000)
  object space 23040K, 99% used [0x000000077d200000,0x000000077e86fdd0,0x000000077e880000)
Event: 8.118 GC heap after
Heap after GC invocations=8 (full 0):
 PSYoungGen      total 271360K, used 23009K [0x00000007d6100000, 0x00000007e9400000, 0x0000000800000000)
  eden space 248320K, 0% used [0x00000007d6100000,0x00000007d6100000,0x00000007e5380000)
  from space 23040K, 99% used [0x00000007e7080000,0x00000007e86f8728,0x00000007e8700000)
  to   space 29696K, 0% used [0x00000007e5380000,0x00000007e5380000,0x00000007e7080000)
 ParOldGen       total 85504K, used 36804K [0x0000000782400000, 0x0000000787780000, 0x00000007d6100000)
  object space 85504K, 43% used [0x0000000782400000,0x00000007847f12c8,0x0000000787780000)
 PSPermGen       total 23040K, used 22975K [0x000000077d200000, 0x000000077e880000, 0x0000000782400000)
  object space 23040K, 99% used [0x000000077d200000,0x000000077e86fdd0,0x000000077e880000)
}
Event: 9.287 GC heap before
{Heap before GC invocations=9 (full 0):
 PSYoungGen      total 271360K, used 271329K [0x00000007d6100000, 0x00000007e9400000, 0x0000000800000000)
  eden space 248320K, 100% used [0x00000007d6100000,0x00000007e5380000,0x00000007e5380000)
  from space 23040K, 99% used [0x00000007e7080000,0x00000007e86f8728,0x00000007e8700000)
  to   space 29696K, 0% used [0x00000007e5380000,0x00000007e5380000,0x00000007e7080000)
 ParOldGen       total 85504K, used 36804K [0x0000000782400000, 0x0000000787780000, 0x00000007d6100000)
  object space 85504K, 43% used [0x0000000782400000,0x00000007847f12c8,0x0000000787780000)
 PSPermGen       total 23040K, used 23002K [0x000000077d200000, 0x000000077e880000, 0x0000000782400000)
  object space 23040K, 99% used [0x000000077d200000,0x000000077e876928,0x000000077e880000)
Event: 9.337 GC heap after
Heap after GC invocations=9 (full 0):
 PSYoungGen      total 278016K, used 29666K [0x00000007d6100000, 0x00000007f3600000, 0x0000000800000000)
  eden space 248320K, 0% used [0x00000007d6100000,0x00000007d6100000,0x00000007e5380000)
  from space 29696K, 99% used [0x00000007e5380000,0x00000007e7078820,0x00000007e7080000)
  to   space 41472K, 0% used [0x00000007f0d80000,0x00000007f0d80000,0x00000007f3600000)
 ParOldGen       total 85504K, used 54336K [0x0000000782400000, 0x0000000787780000, 0x00000007d6100000)
  object space 85504K, 63% used [0x0000000782400000,0x0000000785910190,0x0000000787780000)
 PSPermGen       total 23040K, used 23002K [0x000000077d200000, 0x000000077e880000, 0x0000000782400000)
  object space 23040K, 99% used [0x000000077d200000,0x000000077e876928,0x000000077e880000)
}
Event: 10.306 GC heap before
{Heap before GC invocations=10 (full 0):
 PSYoungGen      total 278016K, used 277986K [0x00000007d6100000, 0x00000007f3600000, 0x0000000800000000)
  eden space 248320K, 100% used [0x00000007d6100000,0x00000007e5380000,0x00000007e5380000)
  from space 29696K, 99% used [0x00000007e5380000,0x00000007e7078820,0x00000007e7080000)
  to   space 41472K, 0% used [0x00000007f0d80000,0x00000007f0d80000,0x00000007f3600000)
 ParOldGen       total 85504K, used 54336K [0x0000000782400000, 0x0000000787780000, 0x00000007d6100000)
  object space 85504K, 63% used [0x0000000782400000,0x0000000785910190,0x0000000787780000)
 PSPermGen       total 24064K, used 23896K [0x000000077d200000, 0x000000077e980000, 0x0000000782400000)
  object space 24064K, 99% used [0x000000077d200000,0x000000077e956208,0x000000077e980000)
Event: 10.360 GC heap after
Heap after GC invocations=10 (full 0):
 PSYoungGen      total 429056K, used 41446K [0x00000007d6100000, 0x00000007f4900000, 0x0000000800000000)
  eden space 387584K, 0% used [0x00000007d6100000,0x00000007d6100000,0x00000007edb80000)
  from space 41472K, 99% used [0x00000007f0d80000,0x00000007f35f9978,0x00000007f3600000)
  to   space 51200K, 0% used [0x00000007edb80000,0x00000007edb80000,0x00000007f0d80000)
 ParOldGen       total 85504K, used 63034K [0x0000000782400000, 0x0000000787780000, 0x00000007d6100000)
  object space 85504K, 73% used [0x0000000782400000,0x000000078618eb80,0x0000000787780000)
 PSPermGen       total 24064K, used 23896K [0x000000077d200000, 0x000000077e980000, 0x0000000782400000)
  object space 24064K, 99% used [0x000000077d200000,0x000000077e956208,0x000000077e980000)
}

Deoptimization events (10 events):
Event: 34.219 Thread 0x000000000dac9000 Uncommon trap: reason=unstable_if action=reinterpret pc=0x0000000003272ea4 method=java.util.StringTokenizer.setMaxDelimCodePoint()V @ 71
Event: 34.239 Thread 0x000000000dac9000 Uncommon trap: reason=class_check action=maybe_recompile pc=0x00000000032fa178 method=com.sun.org.apache.xerces.internal.impl.XMLDocumentFragmentScannerImpl.scanDocument(Z)Z @ 9
Event: 34.280 Thread 0x000000000dac9000 Uncommon trap: reason=unstable_if action=reinterpret pc=0x000000000335b158 method=com.sun.org.apache.xerces.internal.impl.xs.opti.SchemaDOM.characters(Lcom/sun/org/apache/xerces/internal/xni/XMLString;)V @ 4
Event: 34.280 Thread 0x000000000dac9000 Uncommon trap: reason=unstable_if action=reinterpret pc=0x00000000033599ac method=com.sun.org.apache.xerces.internal.impl.xs.opti.SchemaDOM.characters(Lcom/sun/org/apache/xerces/internal/xni/XMLString;)V @ 4
Event: 34.332 Thread 0x000000000dac9000 Uncommon trap: reason=unstable_if action=reinterpret pc=0x00000000032c6ba4 method=com.sun.org.apache.xerces.internal.impl.XMLEntityScanner.scanData(Ljava/lang/String;Lcom/sun/org/apache/xerces/internal/util/XMLStringBuffer;)Z @ 60
Event: 34.452 Thread 0x000000000dac9000 Uncommon trap: reason=bimorphic action=maybe_recompile pc=0x0000000003396498 method=com.sun.org.apache.xerces.internal.impl.XMLDocumentFragmentScannerImpl.scanEndElement()I @ 140
Event: 34.452 Thread 0x000000000dac9000 Uncommon trap: reason=bimorphic action=maybe_recompile pc=0x0000000003396498 method=com.sun.org.apache.xerces.internal.impl.XMLDocumentFragmentScannerImpl.scanEndElement()I @ 140
Event: 34.452 Thread 0x000000000dac9000 Uncommon trap: reason=bimorphic action=maybe_recompile pc=0x0000000003396498 method=com.sun.org.apache.xerces.internal.impl.XMLDocumentFragmentScannerImpl.scanEndElement()I @ 140
Event: 34.452 Thread 0x000000000dac9000 Uncommon trap: reason=bimorphic action=maybe_recompile pc=0x0000000003396498 method=com.sun.org.apache.xerces.internal.impl.XMLDocumentFragmentScannerImpl.scanEndElement()I @ 140
Event: 34.477 Thread 0x000000000dac9000 Uncommon trap: reason=unstable_if action=reinterpret pc=0x0000000003366a7c method=com.sun.org.apache.xerces.internal.impl.XMLEntityScanner.scanQName(Lcom/sun/org/apache/xerces/internal/xni/QName;)Z @ 69

Internal exceptions (10 events):
Event: 34.220 Thread 0x000000000dac9000 Threw 0x00000007de8ca440 at C:\re\jdk7u80\2329\hotspot\src\share\vm\prims\jvm.cpp:1319
Event: 34.220 Thread 0x000000000dac9000 Threw 0x00000007de8caaa0 at C:\re\jdk7u80\2329\hotspot\src\share\vm\prims\jvm.cpp:1319
Event: 34.220 Thread 0x000000000dac9000 Threw 0x00000007de8d0888 at C:\re\jdk7u80\2329\hotspot\src\share\vm\prims\jvm.cpp:1319
Event: 34.221 Thread 0x000000000dac9000 Threw 0x00000007de8d0fe8 at C:\re\jdk7u80\2329\hotspot\src\share\vm\prims\jvm.cpp:1319
Event: 34.223 Thread 0x000000000dac9000 Threw 0x00000007de8d4da8 at C:\re\jdk7u80\2329\hotspot\src\share\vm\prims\jvm.cpp:1319
Event: 34.223 Thread 0x000000000dac9000 Threw 0x00000007de8d5498 at C:\re\jdk7u80\2329\hotspot\src\share\vm\prims\jvm.cpp:1319
Event: 34.224 Thread 0x000000000dac9000 Threw 0x00000007de8daa50 at C:\re\jdk7u80\2329\hotspot\src\share\vm\prims\jvm.cpp:1319
Event: 34.224 Thread 0x000000000dac9000 Threw 0x00000007de8db220 at C:\re\jdk7u80\2329\hotspot\src\share\vm\prims\jvm.cpp:1319
Event: 34.225 Thread 0x000000000dac9000 Threw 0x00000007de8e4d48 at C:\re\jdk7u80\2329\hotspot\src\share\vm\prims\jvm.cpp:1319
Event: 34.225 Thread 0x000000000dac9000 Threw 0x00000007de8e5488 at C:\re\jdk7u80\2329\hotspot\src\share\vm\prims\jvm.cpp:1319

Events (10 events):
Event: 34.452 Thread 0x000000000dac9000 DEOPT UNPACKING pc=0x00000000031275a4 sp=0x000000001595d9b0 mode 2
Event: 34.458 Executing VM operation: RevokeBias
Event: 34.459 Executing VM operation: RevokeBias done
Event: 34.469 Thread 0x000000000b3a1000 flushing nmethod 0x00000000033335d0
Event: 34.470 Thread 0x000000000b3a1000 flushing nmethod 0x00000000033514d0
Event: 34.470 Thread 0x000000000b3a1000 flushing nmethod 0x0000000003361110
Event: 34.477 Thread 0x000000000dac9000 Uncommon trap: trap_request=0xffffff75 fr.pc=0x0000000003366a7c
Event: 34.477 Thread 0x000000000dac9000 DEOPT PACKING pc=0x0000000003366a7c sp=0x000000001595d220
Event: 34.477 Thread 0x000000000dac9000 DEOPT UNPACKING pc=0x00000000031275a4 sp=0x000000001595d1c8 mode 2
Event: 34.513 Thread 0x000000000b39f800 flushing nmethod 0x0000000003372d90


Dynamic libraries:
0x00007ff619fe0000 - 0x00007ff61a013000 	D:\develop\java\jdk1.7.0_80\bin\javaw.exe
0x00007ffd301c0000 - 0x00007ffd303a1000 	C:\WINDOWS\SYSTEM32\ntdll.dll
0x00007ffd2fcf0000 - 0x00007ffd2fda1000 	C:\WINDOWS\System32\KERNEL32.DLL
0x00007ffd2d070000 - 0x00007ffd2d2e3000 	C:\WINDOWS\System32\KERNELBASE.dll
0x00007ffd2de10000 - 0x00007ffd2deb1000 	C:\WINDOWS\System32\ADVAPI32.dll
0x00007ffd2d650000 - 0x00007ffd2d6ee000 	C:\WINDOWS\System32\msvcrt.dll
0x00007ffd2fe20000 - 0x00007ffd2fe7b000 	C:\WINDOWS\System32\sechost.dll
0x00007ffd2d700000 - 0x00007ffd2d824000 	C:\WINDOWS\System32\RPCRT4.dll
0x00007ffd2d830000 - 0x00007ffd2d9c0000 	C:\WINDOWS\System32\USER32.dll
0x00007ffd2c730000 - 0x00007ffd2c750000 	C:\WINDOWS\System32\win32u.dll
0x00007ffd2faa0000 - 0x00007ffd2fac8000 	C:\WINDOWS\System32\GDI32.dll
0x00007ffd2c590000 - 0x00007ffd2c722000 	C:\WINDOWS\System32\gdi32full.dll
0x00007ffd2d530000 - 0x00007ffd2d5cf000 	C:\WINDOWS\System32\msvcp_win.dll
0x00007ffd2cf70000 - 0x00007ffd2d068000 	C:\WINDOWS\System32\ucrtbase.dll
0x00007ffd1be40000 - 0x00007ffd1c0a9000 	C:\WINDOWS\WinSxS\amd64_microsoft.windows.common-controls_6595b64144ccf1df_6.0.17134.706_none_fb43a2cb30647007\COMCTL32.dll
0x00007ffd2f710000 - 0x00007ffd2fa32000 	C:\WINDOWS\System32\combase.dll
0x00007ffd2d5d0000 - 0x00007ffd2d64a000 	C:\WINDOWS\System32\bcryptPrimitives.dll
0x00007ffd2ffc0000 - 0x00007ffd2ffed000 	C:\WINDOWS\System32\IMM32.DLL
0x0000000072f10000 - 0x0000000072fe2000 	D:\develop\java\jdk1.7.0_80\jre\bin\msvcr100.dll
0x0000000071ab0000 - 0x0000000072289000 	D:\develop\java\jdk1.7.0_80\jre\bin\server\jvm.dll
0x00007ffd30180000 - 0x00007ffd30188000 	C:\WINDOWS\System32\PSAPI.DLL
0x00007ffd266b0000 - 0x00007ffd266d3000 	C:\WINDOWS\SYSTEM32\WINMM.dll
0x00007ffd1a110000 - 0x00007ffd1a119000 	C:\WINDOWS\SYSTEM32\WSOCK32.dll
0x00007ffd2fdb0000 - 0x00007ffd2fe1c000 	C:\WINDOWS\System32\WS2_32.dll
0x00007ffd26680000 - 0x00007ffd266aa000 	C:\WINDOWS\SYSTEM32\WINMMBASE.dll
0x00007ffd2d2f0000 - 0x00007ffd2d339000 	C:\WINDOWS\System32\cfgmgr32.dll
0x00000000744f0000 - 0x00000000744ff000 	D:\develop\java\jdk1.7.0_80\jre\bin\verify.dll
0x0000000073330000 - 0x0000000073358000 	D:\develop\java\jdk1.7.0_80\jre\bin\java.dll
0x0000000073310000 - 0x0000000073326000 	D:\develop\java\jdk1.7.0_80\jre\bin\zip.dll
0x00007ffd2bf00000 - 0x00007ffd2bf17000 	C:\WINDOWS\SYSTEM32\CRYPTSP.dll
0x00007ffd2b930000 - 0x00007ffd2b963000 	C:\WINDOWS\system32\rsaenh.dll
0x00007ffd2c030000 - 0x00007ffd2c055000 	C:\WINDOWS\SYSTEM32\bcrypt.dll
0x00007ffd2c3d0000 - 0x00007ffd2c3f8000 	C:\WINDOWS\SYSTEM32\USERENV.dll
0x00007ffd2c4d0000 - 0x00007ffd2c4ef000 	C:\WINDOWS\System32\profapi.dll
0x00007ffd2bf20000 - 0x00007ffd2bf2b000 	C:\WINDOWS\SYSTEM32\CRYPTBASE.dll
0x0000000072ef0000 - 0x0000000072f0a000 	D:\develop\java\jdk1.7.0_80\jre\bin\net.dll
0x00007ffd2bd50000 - 0x00007ffd2bdb6000 	C:\WINDOWS\system32\mswsock.dll
0x00007ffd2bad0000 - 0x00007ffd2bb08000 	C:\WINDOWS\SYSTEM32\IPHLPAPI.DLL
0x00007ffd2d6f0000 - 0x00007ffd2d6f8000 	C:\WINDOWS\System32\NSI.dll
0x00007ffd25f50000 - 0x00007ffd25f66000 	C:\WINDOWS\SYSTEM32\dhcpcsvc6.DLL
0x00007ffd26300000 - 0x00007ffd2631a000 	C:\WINDOWS\SYSTEM32\dhcpcsvc.DLL
0x0000000072ed0000 - 0x0000000072ee1000 	D:\develop\java\jdk1.7.0_80\jre\bin\nio.dll
0x00007ffd27fd0000 - 0x00007ffd27fda000 	C:\Users\15412\AppData\Local\Temp\jansi-1.16-7125776192159079038.dll
0x00007ffd27fc0000 - 0x00007ffd27fca000 	C:\Users\15412\AppData\Local\Temp\jansi-1.16-8781403223074584453.dll
0x0000000073300000 - 0x000000007330b000 	D:\develop\java\jdk1.7.0_80\jre\bin\management.dll

VM Arguments:
jvm_args: -Dmaven.home=D:\develop\apache-maven-3.5.2-bin\apache-maven-3.5.2 -Dclassworlds.conf=W:\eclipse-workspace\.metadata\.plugins\org.eclipse.m2e.launching\launches\m2conf8774356842574743243.tmp -Dmaven.multiModuleProjectDirectory=W:\eclipse-workspace\pinyougou-parent\pinyougou-manager-web -Dfile.encoding=UTF-8 
java_command: org.codehaus.plexus.classworlds.launcher.Launcher -B -gs D:\develop\apache-maven-3.5.2-bin\apache-maven-3.5.2\conf\settings.xml tomcat7:run
Launcher Type: SUN_STANDARD

Environment Variables:
JAVA_HOME=D:\develop\java\jdk9
PATH=D:/develop/java/jdk9/bin/server;D:/develop/java/jdk9/bin;C:\Windows\system32;C:\Windows;C:\Windows\System32\Wbem;C:\Windows\System32\WindowsPowerShell\v1.0\;C:\Program Files (x86)\NVIDIA Corporation\PhysX\Common;D:\develop\java\jdk9\bin;C:\WINDOWS\system32;C:\WINDOWS;C:\WINDOWS\System32\Wbem;C:\WINDOWS\System32\WindowsPowerShell\v1.0\;C:\WINDOWS\System32\OpenSSH\;D:\develop\MySQL\bin;D:\develop\apache-maven-3.5.2-bin\apache-maven-3.5.2\bin;D:\develop\VisualSVN Server\bin;D:\develop\TortoiseSVN\bin;D:\develop\Git\cmd;D:\develop\TortoiseGit\bin;C:\Users\15412\AppData\Local\Microsoft\WindowsApps;D:\develop\eclipse;
USERNAME=Wzs
OS=Windows_NT
PROCESSOR_IDENTIFIER=Intel64 Family 6 Model 78 Stepping 3, GenuineIntel



---------------  S Y S T E M  ---------------

OS: Windows 8.1 , 64 bit Build 9600 

CPU:total 4 (2 cores per cpu, 2 threads per core) family 6 model 78 stepping 3, cmov, cx8, fxsr, mmx, sse, sse2, sse3, ssse3, sse4.1, sse4.2, popcnt, avx, avx2, aes, erms, ht, tsc, tscinvbit

Memory: 4k page, physical 8235168k(1133520k free), swap 20002204k(6000k free)

vm_info: Java HotSpot(TM) 64-Bit Server VM (24.80-b11) for windows-amd64 JRE (1.7.0_80-b15), built on Apr 10 2015 11:26:34 by "java_re" with unknown MS VC++:1600

time: Fri Apr 26 17:21:17 2019
elapsed time: 34 seconds

