#
# There is insufficient memory for the Java Runtime Environment to continue.
# Native memory allocation (malloc) failed to allocate 1944016 bytes for Chunk::new
# Possible reasons:
#   The system is out of physical RAM or swap space
#   In 32 bit mode, the process size limit was hit
# Possible solutions:
#   Reduce memory load on the system
#   Increase physical memory or swap space
#   Check if swap backing store is full
#   Use 64 bit Java on a 64 bit OS
#   Decrease Java heap size (-Xmx/-Xms)
#   Decrease number of Java threads
#   Decrease Java thread stack sizes (-Xss)
#   Set larger code cache with -XX:ReservedCodeCacheSize=
# This output file may be truncated or incomplete.
#
#  Out of Memory Error (allocation.cpp:323), pid=15004, tid=13092
#
# JRE version: Java(TM) SE Runtime Environment (7.0_80-b15) (build 1.7.0_80-b15)
# Java VM: Java HotSpot(TM) 64-Bit Server VM (24.80-b11 mixed mode windows-amd64 compressed oops)
# Failed to write core dump. Minidumps are not enabled by default on client versions of Windows
#

---------------  T H R E A D  ---------------

Current thread (0x000000000ad90800):  JavaThread "C2 CompilerThread0" daemon [_thread_in_native, id=13092, stack(0x000000000c2f0000,0x000000000c3f0000)]

Stack: [0x000000000c2f0000,0x000000000c3f0000]
[error occurred during error reporting (printing stack bounds), id 0xc0000005]


Current CompileTask:
C2:   8067  799   !         org.apache.catalina.startup.ContextConfig::checkHandlesTypes (453 bytes)


---------------  P R O C E S S  ---------------

Java Threads: ( => current thread )
  0x000000000db8e800 JavaThread "localhost-startStop-1" daemon [_thread_in_vm, id=3644, stack(0x000000000e470000,0x000000000e570000)]
  0x000000000da6b800 JavaThread "Tomcat-startStop-1" daemon [_thread_blocked, id=7496, stack(0x000000000e370000,0x000000000e470000)]
  0x000000000ada0800 JavaThread "Service Thread" daemon [_thread_blocked, id=2660, stack(0x000000000c4f0000,0x000000000c5f0000)]
  0x000000000ad92000 JavaThread "C2 CompilerThread1" daemon [_thread_in_native, id=12072, stack(0x000000000c3f0000,0x000000000c4f0000)]
=>0x000000000ad90800 JavaThread "C2 CompilerThread0" daemon [_thread_in_native, id=13092, stack(0x000000000c2f0000,0x000000000c3f0000)]
  0x000000000ad8f800 JavaThread "Attach Listener" daemon [_thread_blocked, id=11388, stack(0x000000000c1f0000,0x000000000c2f0000)]
  0x000000000ad8d000 JavaThread "Signal Dispatcher" daemon [_thread_blocked, id=7308, stack(0x000000000c0f0000,0x000000000c1f0000)]
  0x000000000ad41800 JavaThread "Finalizer" daemon [_thread_blocked, id=11452, stack(0x000000000bff0000,0x000000000c0f0000)]
  0x000000000ad38800 JavaThread "Reference Handler" daemon [_thread_blocked, id=668, stack(0x000000000bef0000,0x000000000bff0000)]
  0x0000000002980800 JavaThread "main" [_thread_blocked, id=16764, stack(0x00000000024e0000,0x00000000025e0000)]

Other Threads:
  0x000000000ad33800 VMThread [stack: 0x000000000bdf0000,0x000000000bef0000] [id=15212]
  0x000000000adba800 WatcherThread [stack: 0x000000000c5f0000,0x000000000c6f0000] [id=7252]

VM state:not at safepoint (normal execution)

VM Mutex/Monitor currently owned by a thread: None

Heap
 PSYoungGen      total 70656K, used 10605K [0x00000007d6100000, 0x00000007dab00000, 0x0000000800000000)
  eden space 65536K, 8% used [0x00000007d6100000,0x00000007d66634e0,0x00000007da100000)
  from space 5120K, 99% used [0x00000007da100000,0x00000007da5f8010,0x00000007da600000)
  to   space 5120K, 0% used [0x00000007da600000,0x00000007da600000,0x00000007dab00000)
 ParOldGen       total 85504K, used 55774K [0x0000000782400000, 0x0000000787780000, 0x00000007d6100000)
  object space 85504K, 65% used [0x0000000782400000,0x0000000785a77bc0,0x0000000787780000)
 PSPermGen       total 23040K, used 22978K [0x000000077d200000, 0x000000077e880000, 0x0000000782400000)
  object space 23040K, 99% used [0x000000077d200000,0x000000077e870be8,0x000000077e880000)

Card table byte_map: [0x0000000005ba0000,0x0000000005fc0000] byte_map_base: 0x0000000001fb7000

Polling page: 0x00000000003f0000

Code Cache  [0x0000000002ae0000, 0x0000000002d60000, 0x0000000005ae0000)
 total_blobs=1042 nmethods=691 adapters=303 free_code_cache=46814Kb largest_free_block=47762112

Compilation events (10 events):
Event: 7.996 Thread 0x000000000ad92000 nmethod 806 0x0000000002c07f90 code [0x0000000002c080c0, 0x0000000002c08138]
Event: 8.040 Thread 0x000000000ad92000  808   !         java.lang.ref.ReferenceQueue::enqueue (104 bytes)
Event: 8.046 Thread 0x000000000ad92000 nmethod 808 0x0000000002c6e910 code [0x0000000002c6ea60, 0x0000000002c6f1e8]
Event: 8.046 Thread 0x000000000ad92000  809             java.lang.ref.ReferenceQueue::reallyPoll (69 bytes)
Event: 8.048 Thread 0x000000000ad92000 nmethod 809 0x0000000002c6e5d0 code [0x0000000002c6e720, 0x0000000002c6e858]
Event: 8.048 Thread 0x000000000ad92000  810             java.lang.ref.Finalizer::access$000 (4 bytes)
Event: 8.048 Thread 0x000000000ad92000 nmethod 810 0x0000000002d0d990 code [0x0000000002d0dac0, 0x0000000002d0db18]
Event: 8.048 Thread 0x000000000ad92000  811             java.lang.ref.ReferenceQueue::remove (6 bytes)
Event: 8.055 Thread 0x000000000ad92000 nmethod 811 0x0000000002d0cf10 code [0x0000000002d0d080, 0x0000000002d0d690]
Event: 8.055 Thread 0x000000000ad92000  812   !         java.lang.ref.ReferenceQueue::remove (80 bytes)

GC Heap History (10 events):
Event: 4.888 GC heap before
{Heap before GC invocations=5 (full 0):
 PSYoungGen      total 70656K, used 70632K [0x00000007d6100000, 0x00000007dab00000, 0x0000000800000000)
  eden space 65536K, 100% used [0x00000007d6100000,0x00000007da100000,0x00000007da100000)
  from space 5120K, 99% used [0x00000007da600000,0x00000007daafa020,0x00000007dab00000)
  to   space 5120K, 0% used [0x00000007da100000,0x00000007da100000,0x00000007da600000)
 ParOldGen       total 85504K, used 7492K [0x0000000782400000, 0x0000000787780000, 0x00000007d6100000)
  object space 85504K, 8% used [0x0000000782400000,0x0000000782b51100,0x0000000787780000)
 PSPermGen       total 21504K, used 16552K [0x000000077d200000, 0x000000077e700000, 0x0000000782400000)
  object space 21504K, 76% used [0x000000077d200000,0x000000077e22a270,0x000000077e700000)
Event: 4.907 GC heap after
Heap after GC invocations=5 (full 0):
 PSYoungGen      total 70656K, used 5120K [0x00000007d6100000, 0x00000007dab00000, 0x0000000800000000)
  eden space 65536K, 0% used [0x00000007d6100000,0x00000007d6100000,0x00000007da100000)
  from space 5120K, 100% used [0x00000007da100000,0x00000007da600000,0x00000007da600000)
  to   space 5120K, 0% used [0x00000007da600000,0x00000007da600000,0x00000007dab00000)
 ParOldGen       total 85504K, used 12030K [0x0000000782400000, 0x0000000787780000, 0x00000007d6100000)
  object space 85504K, 14% used [0x0000000782400000,0x0000000782fbfaa0,0x0000000787780000)
 PSPermGen       total 21504K, used 16552K [0x000000077d200000, 0x000000077e700000, 0x0000000782400000)
  object space 21504K, 76% used [0x000000077d200000,0x000000077e22a270,0x000000077e700000)
}
Event: 6.599 GC heap before
{Heap before GC invocations=6 (full 0):
 PSYoungGen      total 70656K, used 70650K [0x00000007d6100000, 0x00000007dab00000, 0x0000000800000000)
  eden space 65536K, 99% used [0x00000007d6100000,0x00000007da0fe978,0x00000007da100000)
  from space 5120K, 100% used [0x00000007da100000,0x00000007da600000,0x00000007da600000)
  to   space 5120K, 0% used [0x00000007da600000,0x00000007da600000,0x00000007dab00000)
 ParOldGen       total 85504K, used 12030K [0x0000000782400000, 0x0000000787780000, 0x00000007d6100000)
  object space 85504K, 14% used [0x0000000782400000,0x0000000782fbfaa0,0x0000000787780000)
 PSPermGen       total 23040K, used 22909K [0x000000077d200000, 0x000000077e880000, 0x0000000782400000)
  object space 23040K, 99% used [0x000000077d200000,0x000000077e85f5c8,0x000000077e880000)
Event: 6.620 GC heap after
Heap after GC invocations=6 (full 0):
 PSYoungGen      total 70656K, used 5104K [0x00000007d6100000, 0x00000007dab00000, 0x0000000800000000)
  eden space 65536K, 0% used [0x00000007d6100000,0x00000007d6100000,0x00000007da100000)
  from space 5120K, 99% used [0x00000007da600000,0x00000007daafc020,0x00000007dab00000)
  to   space 5120K, 0% used [0x00000007da100000,0x00000007da100000,0x00000007da600000)
 ParOldGen       total 85504K, used 21545K [0x0000000782400000, 0x0000000787780000, 0x00000007d6100000)
  object space 85504K, 25% used [0x0000000782400000,0x000000078390a418,0x0000000787780000)
 PSPermGen       total 23040K, used 22909K [0x000000077d200000, 0x000000077e880000, 0x0000000782400000)
  object space 23040K, 99% used [0x000000077d200000,0x000000077e85f5c8,0x000000077e880000)
}
Event: 7.192 GC heap before
{Heap before GC invocations=7 (full 0):
 PSYoungGen      total 70656K, used 70640K [0x00000007d6100000, 0x00000007dab00000, 0x0000000800000000)
  eden space 65536K, 100% used [0x00000007d6100000,0x00000007da100000,0x00000007da100000)
  from space 5120K, 99% used [0x00000007da600000,0x00000007daafc020,0x00000007dab00000)
  to   space 5120K, 0% used [0x00000007da100000,0x00000007da100000,0x00000007da600000)
 ParOldGen       total 85504K, used 21545K [0x0000000782400000, 0x0000000787780000, 0x00000007d6100000)
  object space 85504K, 25% used [0x0000000782400000,0x000000078390a418,0x0000000787780000)
 PSPermGen       total 23040K, used 22931K [0x000000077d200000, 0x000000077e880000, 0x0000000782400000)
  object space 23040K, 99% used [0x000000077d200000,0x000000077e864e68,0x000000077e880000)
Event: 7.212 GC heap after
Heap after GC invocations=7 (full 0):
 PSYoungGen      total 70656K, used 5088K [0x00000007d6100000, 0x00000007dab00000, 0x0000000800000000)
  eden space 65536K, 0% used [0x00000007d6100000,0x00000007d6100000,0x00000007da100000)
  from space 5120K, 99% used [0x00000007da100000,0x00000007da5f8030,0x00000007da600000)
  to   space 5120K, 0% used [0x00000007da600000,0x00000007da600000,0x00000007dab00000)
 ParOldGen       total 85504K, used 32036K [0x0000000782400000, 0x0000000787780000, 0x00000007d6100000)
  object space 85504K, 37% used [0x0000000782400000,0x0000000784349320,0x0000000787780000)
 PSPermGen       total 23040K, used 22931K [0x000000077d200000, 0x000000077e880000, 0x0000000782400000)
  object space 23040K, 99% used [0x000000077d200000,0x000000077e864e68,0x000000077e880000)
}
Event: 7.625 GC heap before
{Heap before GC invocations=8 (full 0):
 PSYoungGen      total 70656K, used 70624K [0x00000007d6100000, 0x00000007dab00000, 0x0000000800000000)
  eden space 65536K, 100% used [0x00000007d6100000,0x00000007da100000,0x00000007da100000)
  from space 5120K, 99% used [0x00000007da100000,0x00000007da5f8030,0x00000007da600000)
  to   space 5120K, 0% used [0x00000007da600000,0x00000007da600000,0x00000007dab00000)
 ParOldGen       total 85504K, used 32036K [0x0000000782400000, 0x0000000787780000, 0x00000007d6100000)
  object space 85504K, 37% used [0x0000000782400000,0x0000000784349320,0x0000000787780000)
 PSPermGen       total 23040K, used 22944K [0x000000077d200000, 0x000000077e880000, 0x0000000782400000)
  object space 23040K, 99% used [0x000000077d200000,0x000000077e8682b0,0x000000077e880000)
Event: 7.652 GC heap after
Heap after GC invocations=8 (full 0):
 PSYoungGen      total 70656K, used 5110K [0x00000007d6100000, 0x00000007dab00000, 0x0000000800000000)
  eden space 65536K, 0% used [0x00000007d6100000,0x00000007d6100000,0x00000007da100000)
  from space 5120K, 99% used [0x00000007da600000,0x00000007daafd8f0,0x00000007dab00000)
  to   space 5120K, 0% used [0x00000007da100000,0x00000007da100000,0x00000007da600000)
 ParOldGen       total 85504K, used 44636K [0x0000000782400000, 0x0000000787780000, 0x00000007d6100000)
  object space 85504K, 52% used [0x0000000782400000,0x0000000784f972e0,0x0000000787780000)
 PSPermGen       total 23040K, used 22944K [0x000000077d200000, 0x000000077e880000, 0x0000000782400000)
  object space 23040K, 99% used [0x000000077d200000,0x000000077e8682b0,0x000000077e880000)
}
Event: 8.015 GC heap before
{Heap before GC invocations=9 (full 0):
 PSYoungGen      total 70656K, used 70646K [0x00000007d6100000, 0x00000007dab00000, 0x0000000800000000)
  eden space 65536K, 100% used [0x00000007d6100000,0x00000007da100000,0x00000007da100000)
  from space 5120K, 99% used [0x00000007da600000,0x00000007daafd8f0,0x00000007dab00000)
  to   space 5120K, 0% used [0x00000007da100000,0x00000007da100000,0x00000007da600000)
 ParOldGen       total 85504K, used 44636K [0x0000000782400000, 0x0000000787780000, 0x00000007d6100000)
  object space 85504K, 52% used [0x0000000782400000,0x0000000784f972e0,0x0000000787780000)
 PSPermGen       total 23040K, used 22978K [0x000000077d200000, 0x000000077e880000, 0x0000000782400000)
  object space 23040K, 99% used [0x000000077d200000,0x000000077e870be8,0x000000077e880000)
Event: 8.035 GC heap after
Heap after GC invocations=9 (full 0):
 PSYoungGen      total 70656K, used 5088K [0x00000007d6100000, 0x00000007dab00000, 0x0000000800000000)
  eden space 65536K, 0% used [0x00000007d6100000,0x00000007d6100000,0x00000007da100000)
  from space 5120K, 99% used [0x00000007da100000,0x00000007da5f8010,0x00000007da600000)
  to   space 5120K, 0% used [0x00000007da600000,0x00000007da600000,0x00000007dab00000)
 ParOldGen       total 85504K, used 55774K [0x0000000782400000, 0x0000000787780000, 0x00000007d6100000)
  object space 85504K, 65% used [0x0000000782400000,0x0000000785a77bc0,0x0000000787780000)
 PSPermGen       total 23040K, used 22978K [0x000000077d200000, 0x000000077e880000, 0x0000000782400000)
  object space 23040K, 99% used [0x000000077d200000,0x000000077e870be8,0x000000077e880000)
}

Deoptimization events (10 events):
Event: 7.029 Thread 0x000000000db8e800 Uncommon trap: reason=unloaded action=reinterpret pc=0x0000000002d10e60 method=org.apache.tomcat.util.bcel.classfile.Attribute.readAttribute(Ljava/io/DataInputStream;Lorg/apache/tomcat/util/bcel/classfile/ConstantPool;)Lorg/apache/tomcat/util/bcel/classfil
Event: 7.333 Thread 0x000000000db8e800 Uncommon trap: reason=unloaded action=reinterpret pc=0x0000000002d3d3d8 method=org.apache.tomcat.util.bcel.classfile.Attribute.readAttribute(Ljava/io/DataInputStream;Lorg/apache/tomcat/util/bcel/classfile/ConstantPool;)Lorg/apache/tomcat/util/bcel/classfil%Ú
Event: 7.497 Thread 0x000000000db8e800 Uncommon trap: reason=unstable_if action=reinterpret pc=0x0000000002ca1e00 method=org.codehaus.plexus.classworlds.realm.Entry.matches(Ljava/lang/String;)Z @ 109
Event: 7.500 Thread 0x000000000db8e800 Uncommon trap: reason=null_check action=make_not_entrant pc=0x0000000002d508ec method=org.apache.catalina.startup.ContextConfig.populateSCIsForCacheEntry(Lorg/apache/catalina/startup/ContextConfig$JavaClassCacheEntry;)V @ 23
Event: 7.657 Thread 0x000000000ad41800 Uncommon trap: reason=unstable_if action=reinterpret pc=0x0000000002b99a8c method=java.util.WeakHashMap.eq(Ljava/lang/Object;Ljava/lang/Object;)Z @ 10
Event: 7.657 Thread 0x000000000ad41800 Uncommon trap: reason=unstable_if action=reinterpret pc=0x0000000002b6fce4 method=java.util.WeakHashMap.eq(Ljava/lang/Object;Ljava/lang/Object;)Z @ 10
Event: 7.661 Thread 0x000000000ad38800 Uncommon trap: reason=unstable_if action=reinterpret pc=0x0000000002ca7550 method=sun.misc.VM.addFinalRefCount(I)V @ 14
Event: 7.695 Thread 0x000000000db8e800 Uncommon trap: reason=unstable_if action=reinterpret pc=0x0000000002ba9bf0 method=org.apache.catalina.startup.ContextConfig.getSCIsForClass(Ljava/lang/String;)Ljava/util/Set; @ 62
Event: 7.695 Thread 0x000000000db8e800 Uncommon trap: reason=unstable_if action=reinterpret pc=0x0000000002bb5ea8 method=org.apache.catalina.startup.ContextConfig.checkHandlesTypes(Lorg/apache/tomcat/util/bcel/classfile/JavaClass;)V @ 132
Event: 7.714 Thread 0x000000000db8e800 Uncommon trap: reason=unstable_if action=reinterpret pc=0x0000000002c94b9c method=org.codehaus.plexus.classworlds.realm.Entry.matches(Ljava/lang/String;)Z @ 209

Internal exceptions (10 events):
Event: 6.452 Thread 0x000000000db8e800 Threw 0x00000007d98f7ac8 at C:\re\jdk7u80\2329\hotspot\src\share\vm\prims\jvm.cpp:1319
Event: 6.481 Thread 0x000000000db8e800 Threw 0x00000007d9a41f30 at C:\re\jdk7u80\2329\hotspot\src\share\vm\prims\jvm.cpp:1319
Event: 7.500 Thread 0x000000000db8e800 Implicit null exception at 0x0000000002d4eeac to 0x0000000002d508c5
Event: 7.695 Thread 0x000000000db8e800 Threw 0x00000007d68c3720 at C:\re\jdk7u80\2329\hotspot\src\share\vm\prims\jvm.cpp:1319
Event: 7.696 Thread 0x000000000db8e800 Threw 0x00000007d68c9338 at C:\re\jdk7u80\2329\hotspot\src\share\vm\prims\jvm.cpp:1319
Event: 7.696 Thread 0x000000000db8e800 Threw 0x00000007d68c99f8 at C:\re\jdk7u80\2329\hotspot\src\share\vm\prims\jvm.cpp:1319
Event: 7.696 Thread 0x000000000db8e800 Threw 0x00000007d68d41f8 at C:\re\jdk7u80\2329\hotspot\src\share\vm\prims\jvm.cpp:1319
Event: 7.696 Thread 0x000000000db8e800 Threw 0x00000007d68d4a18 at C:\re\jdk7u80\2329\hotspot\src\share\vm\prims\jvm.cpp:1319
Event: 7.697 Thread 0x000000000db8e800 Threw 0x00000007d68dd178 at C:\re\jdk7u80\2329\hotspot\src\share\vm\prims\jvm.cpp:1319
Event: 7.697 Thread 0x000000000db8e800 Threw 0x00000007d68dd920 at C:\re\jdk7u80\2329\hotspot\src\share\vm\prims\jvm.cpp:1319

Events (10 events):
Event: 7.840 Thread 0x000000000ad92000 flushing nmethod 0x0000000002c5b510
Event: 7.857 Thread 0x000000000ad90800 flushing nmethod 0x0000000002cace50
Event: 8.015 Executing VM operation: ParallelGCFailedAllocation
Event: 8.035 Executing VM operation: ParallelGCFailedAllocation done
Event: 8.039 Executing VM operation: RevokeBias
Event: 8.039 Executing VM operation: RevokeBias done
Event: 8.040 Executing VM operation: RevokeBias
Event: 8.040 Executing VM operation: RevokeBias done
Event: 8.041 Executing VM operation: RevokeBias
Event: 8.042 Executing VM operation: RevokeBias done


Dynamic libraries:
0x00007ff619fe0000 - 0x00007ff61a013000 	C:\WINDOWS\SYSTEM32\ntdll.dll
0x00007ffd301c0000 - 0x00007ffd303a1000 	C:\WINDOWS\SYSTEM32\ntdll.dll
0x00007ffd2fcf0000 - 0x00007ffd2fda1000 	C:\WINDOWS\System32\USER32.dll
0x00007ffd2d070000 - 0x00007ffd2d2e3000 	C:\WINDOWS\System32\KERNELBASE.dll
0x00007ffd2de10000 - 0x00007ffd2deb1000 	C:\WINDOWS\System32\ADVAPI32.dll
0x00007ffd2d650000 - 0x00007ffd2d6ee000 	C:\WINDOWS\System32\msvcrt.dll
0x00007ffd2fe20000 - 0x00007ffd2fe7b000 	C:\WINDOWS\System32\bcryptPrimitives.dll
0x00007ffd2d700000 - 0x00007ffd2d824000 	C:\WINDOWS\System32\RPCRT4.dll
0x00007ffd2d830000 - 0x00007ffd2d9c0000 	C:\WINDOWS\System32\USER32.dll
0x00007ffd2c730000 - 0x00007ffd2c750000 	C:\WINDOWS\System32\win32u.dll
0x00007ffd2faa0000 - 0x00007ffd2fac8000 	C:\WINDOWS\System32\GDI32.dll
0x00007ffd2c590000 - 0x00007ffd2c722000 	C:\WINDOWS\System32\gdi32full.dll
0x00007ffd2d530000 - 0x00007ffd2d5cf000 	C:\WINDOWS\System32\cfgmgr32.dll
0x00007ffd2cf70000 - 0x00007ffd2d068000 	C:\WINDOWS\System32\ucrtbase.dll
0x00007ffd1be40000 - 0x00007ffd1c0a9000 	C:\WINDOWS\WinSxS\amd64_microsoft.windows.common-controls_6595b64144ccf1df_6.0.17134.706_none_fb43a2cb30647007\COMCTL32.dll
0x00007ffd2f710000 - 0x00007ffd2fa32000 	C:\WINDOWS\System32\combase.dll
0x00007ffd2d5d0000 - 0x00007ffd2d64a000 	C:\WINDOWS\System32\KERNEL32.DLL
0x00007ffd2ffc0000 - 0x00007ffd2ffed000 	C:\WINDOWS\System32\RPCRT4.dll
0x0000000072f10000 - 0x0000000072fe2000 	C:\WINDOWS\System32\gdi32full.dll
0x0000000071ab0000 - 0x0000000072289000 	C:\WINDOWS\WinSxS\amd64_microsoft.windows.common-controls_6595b64144ccf1df_6.0.17134.706_none_fb43a2cb30647007\COMCTL32.dll
0x00007ffd30180000 - 0x00007ffd30188000 	C:\WINDOWS\System32\PSAPI.DLL
0x00007ffd266b0000 - 0x00007ffd266d3000 	D:\develop\java\jdk1.7.0_80\jre\bin\server\jvm.dll
0x00007ffd1a110000 - 0x00007ffd1a119000 	C:\WINDOWS\SYSTEM32\WSOCK32.dll
0x00007ffd2fdb0000 - 0x00007ffd2fe1c000 	C:\WINDOWS\System32\WS2_32.dll
0x00007ffd26680000 - 0x00007ffd266aa000 	C:\WINDOWS\SYSTEM32\winmmbase.dll
0x00007ffd2d2f0000 - 0x00007ffd2d339000 	C:\WINDOWS\System32\cfgmgr32.dll
0x00000000744f0000 - 0x00000000744ff000 	D:\develop\java\jdk1.7.0_80\jre\bin\verify.dll
0x0000000073330000 - 0x0000000073358000 	C:\WINDOWS\System32\sechost.dll
0x0000000073310000 - 0x0000000073326000 	D:\develop\java\jdk1.7.0_80\jre\bin\zip.dll
0x00007ffd2bf00000 - 0x00007ffd2bf17000 	C:\WINDOWS\System32\msvcp_win.dll
0x00007ffd2b930000 - 0x00007ffd2b963000 	C:\WINDOWS\system32\rsaenh.dll
0x00007ffd2c030000 - 0x00007ffd2c055000 	C:\WINDOWS\SYSTEM32\bcrypt.dll
0x00007ffd2c3d0000 - 0x00007ffd2c3f8000 	C:\WINDOWS\System32\PSAPI.DLL
0x00007ffd2c4d0000 - 0x00007ffd2c4ef000 	C:\WINDOWS\SYSTEM32\WSOCK32.dll
0x00007ffd2bf20000 - 0x00007ffd2bf2b000 	C:\WINDOWS\SYSTEM32\winmmbase.dll
0x0000000072ef0000 - 0x0000000072f0a000 	D:\develop\java\jdk1.7.0_80\jre\bin\java.dll
0x00007ffd2bd50000 - 0x00007ffd2bdb6000 	C:\WINDOWS\system32\mswsock.dll
0x00007ffd2bad0000 - 0x00007ffd2bb08000 	C:\WINDOWS\SYSTEM32\ntdll.dll
0x00007ffd2d6f0000 - 0x00007ffd2d6f8000 	C:\WINDOWS\System32\win32u.dll
0x00007ffd25f50000 - 0x00007ffd25f66000 	C:\WINDOWS\WinSxS\amd64_microsoft.windows.common-controls_6595b64144ccf1df_6.0.17134.706_none_fb43a2cb30647007\COMCTL32.dll
0x00007ffd26300000 - 0x00007ffd2631a000 	D:\develop\java\jdk1.7.0_80\jre\bin\msvcr100.dll
0x0000000072ed0000 - 0x0000000072ee1000 	C:\WINDOWS\SYSTEM32\WINMM.dll
0x00007ffd266f0000 - 0x00007ffd266fa000 	C:\WINDOWS\SYSTEM32\winmmbase.dll
0x00007ffd24cc0000 - 0x00007ffd24cca000 	D:\develop\java\jdk1.7.0_80\jre\bin\verify.dll
0x0000000073300000 - 0x000000007330b000 	D:\develop\java\jdk1.7.0_80\jre\bin\management.dll

VM Arguments:
jvm_args: -Dmaven.home=D:\develop\apache-maven-3.5.2-bin\apache-maven-3.5.2 -Dclassworlds.conf=W:\eclipse-workspace\.metadata\.plugins\org.eclipse.m2e.launching\launches\m2conf15466887882415067715.tmp -Dmaven.multiModuleProjectDirectory=W:\eclipse-workspace\pinyougou-parent\pinyougou-manager-web -Dfile.encoding=UTF-8 
java_command: org.codehaus.plexus.classworlds.launcher.Launcher -B -gs D:\develop\apache-maven-3.5.2-bin\apache-maven-3.5.2\conf\settings.xml tomcat7:run
Launcher Type: SUN_STANDARD

Environment Variables:
JAVA_HOME=D:\develop\java\jdk9
PATH=D:/develop/java/jdk9/bin/server;D:/develop/java/jdk9/bin;C:\Windows\system32;C:\Windows;C:\Windows\System32\Wbem;C:\Windows\System32\WindowsPowerShell\v1.0\;C:\Program Files (x86)\NVIDIA Corporation\PhysX\Common;D:\develop\java\jdk9\bin;C:\WINDOWS\system32;C:\WINDOWS;C:\WINDOWS\System32\Wbem;C:\WINDOWS\System32\WindowsPowerShell\v1.0\;C:\WINDOWS\System32\OpenSSH\;D:\develop\MySQL\bin;D:\develop\apache-maven-3.5.2-bin\apache-maven-3.5.2\bin;D:\develop\VisualSVN Server\bin;D:\develop\TortoiseSVN\bin;D:\develop\Git\cmd;D:\develop\TortoiseGit\bin;C:\Users\15412\AppData\Local\Microsoft\WindowsApps;D:\develop\eclipse;
USERNAME=Wzs
OS=Windows_NT
PROCESSOR_IDENTIFIER=Intel64 Family 6 Model 78 Stepping 3, GenuineIntel



---------------  S Y S T E M  ---------------

OS: Windows 8.1 , 64 bit Build 9600 

CPU:total 4 (2 cores per cpu, 2 threads per core) family 6 model 78 stepping 3, cmov, cx8, fxsr, mmx, sse, sse2, sse3, ssse3, sse4.1, sse4.2, popcnt, avx, avx2, aes, erms, ht, tsc, tscinvbit

Memory: 4k page, physical 8235168k(925648k free), swap 20002204k(5356k free)

vm_info: Java HotSpot(TM) 64-Bit Server VM (24.80-b11) for windows-amd64 JRE (1.7.0_80-b15), built on Apr 10 2015 11:26:34 by "java_re" with unknown MS VC++:1600

time: Fri Apr 26 17:26:58 2019
elapsed time: 8 seconds

